{'row': 21, 'errors': ValidationError({'authors': [ErrorDetail(string='This field may not be blank.', code='blank')]},)}
{'row': 25, 'errors': ValidationError({'publish_time': [ErrorDetail(string='This field may not be blank.', code='blank')]},)}
{'row': 68, 'errors': ValidationError({'authors': [ErrorDetail(string='This field may not be blank.', code='blank')]},)}
{'row': 92, 'errors': ValidationError({'authors': [ErrorDetail(string='This field may not be blank.', code='blank')]},)}
{'row': 116, 'errors': ValidationError({'authors': [ErrorDetail(string='This field may not be blank.', code='blank')]},)}
{'row': 136, 'errors': ValidationError({'publish_time': [ErrorDetail(string='This field may not be blank.', code='blank')]},)}
{'row': 137, 'errors': ValidationError({'publish_time': [ErrorDetail(string='This field may not be blank.', code='blank')]},)}
{'row': 153, 'errors': ValidationError({'authors': [ErrorDetail(string='This field may not be blank.', code='blank')]},)}
{'row': 179, 'errors': ValidationError({'authors': [ErrorDetail(string='This field may not be blank.', code='blank')]},)}
{'row': 185, 'errors': ValidationError({'authors': [ErrorDetail(string='This field may not be blank.', code='blank')]},)}
{'row': 212, 'errors': ValidationError({'authors': [ErrorDetail(string='This field may not be blank.', code='blank')]},)}
{'row': 239, 'errors': ValidationError({'authors': [ErrorDetail(string='This field may not be blank.', code='blank')]},)}
{'row': 251, 'errors': ValidationError({'publish_time': [ErrorDetail(string='This field may not be blank.', code='blank')]},)}
{'row': 252, 'errors': ValidationError({'publish_time': [ErrorDetail(string='This field may not be blank.', code='blank')]},)}
{'row': 253, 'errors': ValidationError({'publish_time': [ErrorDetail(string='This field may not be blank.', code='blank')]},)}
{'row': 282, 'errors': ValidationError({'publish_time': [ErrorDetail(string='This field may not be blank.', code='blank')]},)}
{'row': 305, 'errors': ValidationError({'publish_time': [ErrorDetail(string='This field may not be blank.', code='blank')]},)}
{'row': 306, 'errors': ValidationError({'publish_time': [ErrorDetail(string='This field may not be blank.', code='blank')]},)}
{'row': 310, 'errors': ValidationError({'publish_time': [ErrorDetail(string='This field may not be blank.', code='blank')]},)}
{'row': 314, 'errors': ValidationError({'authors': [ErrorDetail(string='This field may not be blank.', code='blank')]},)}
{'row': 317, 'errors': ValidationError({'publish_time': [ErrorDetail(string='This field may not be blank.', code='blank')]},)}
{'row': 318, 'errors': ValidationError({'publish_time': [ErrorDetail(string='This field may not be blank.', code='blank')]},)}
{'row': 320, 'errors': ValidationError({'publish_time': [ErrorDetail(string='This field may not be blank.', code='blank')]},)}
{'row': 321, 'errors': ValidationError({'publish_time': [ErrorDetail(string='This field may not be blank.', code='blank')]},)}
{'row': 331, 'errors': ValidationError({'publish_time': [ErrorDetail(string='This field may not be blank.', code='blank')]},)}
{'row': 336, 'errors': ValidationError({'publish_time': [ErrorDetail(string='This field may not be blank.', code='blank')]},)}
{'row': 339, 'errors': ValidationError({'publish_time': [ErrorDetail(string='This field may not be blank.', code='blank')]},)}
{'row': 342, 'errors': ValidationError({'publish_time': [ErrorDetail(string='This field may not be blank.', code='blank')]},)}
{'row': 343, 'errors': ValidationError({'publish_time': [ErrorDetail(string='This field may not be blank.', code='blank')]},)}
{'row': 344, 'errors': ValidationError({'publish_time': [ErrorDetail(string='This field may not be blank.', code='blank')]},)}
{'row': 345, 'errors': ValidationError({'publish_time': [ErrorDetail(string='This field may not be blank.', code='blank')]},)}
{'row': 347, 'errors': ValidationError({'publish_time': [ErrorDetail(string='This field may not be blank.', code='blank')]},)}
{'row': 348, 'errors': ValidationError({'publish_time': [ErrorDetail(string='This field may not be blank.', code='blank')]},)}
{'row': 361, 'errors': ValidationError({'publish_time': [ErrorDetail(string='This field may not be blank.', code='blank')]},)}
{'row': 362, 'errors': ValidationError({'publish_time': [ErrorDetail(string='This field may not be blank.', code='blank')]},)}
{'row': 363, 'errors': ValidationError({'publish_time': [ErrorDetail(string='This field may not be blank.', code='blank')]},)}
{'row': 366, 'errors': ValidationError({'authors': [ErrorDetail(string='This field may not be blank.', code='blank')]},)}
{'row': 367, 'errors': ValidationError({'publish_time': [ErrorDetail(string='This field may not be blank.', code='blank')]},)}
{'row': 368, 'errors': ValidationError({'publish_time': [ErrorDetail(string='This field may not be blank.', code='blank')]},)}
{'row': 373, 'errors': ValidationError({'authors': [ErrorDetail(string='This field may not be blank.', code='blank')]},)}
{'row': 374, 'errors': ValidationError({'publish_time': [ErrorDetail(string='This field may not be blank.', code='blank')]},)}
{'row': 377, 'errors': ValidationError({'publish_time': [ErrorDetail(string='This field may not be blank.', code='blank')]},)}
{'row': 378, 'errors': ValidationError({'publish_time': [ErrorDetail(string='This field may not be blank.', code='blank')]},)}
{'row': 379, 'errors': ValidationError({'publish_time': [ErrorDetail(string='This field may not be blank.', code='blank')]},)}
{'row': 380, 'errors': ValidationError({'publish_time': [ErrorDetail(string='This field may not be blank.', code='blank')]},)}
{'row': 381, 'errors': ValidationError({'publish_time': [ErrorDetail(string='This field may not be blank.', code='blank')]},)}
{'row': 391, 'errors': ValidationError({'publish_time': [ErrorDetail(string='This field may not be blank.', code='blank')], 'authors': [ErrorDetail(string='This field may not be blank.', code='blank')]},)}
{'row': 392, 'errors': ValidationError({'publish_time': [ErrorDetail(string='This field may not be blank.', code='blank')]},)}
{'row': 393, 'errors': ValidationError({'authors': [ErrorDetail(string='This field may not be blank.', code='blank')]},)}
{'row': 394, 'errors': ValidationError({'publish_time': [ErrorDetail(string='This field may not be blank.', code='blank')]},)}
{'row': 395, 'errors': ValidationError({'publish_time': [ErrorDetail(string='This field may not be blank.', code='blank')]},)}
{'row': 397, 'errors': ValidationError({'publish_time': [ErrorDetail(string='This field may not be blank.', code='blank')]},)}
{'row': 398, 'errors': ValidationError({'publish_time': [ErrorDetail(string='This field may not be blank.', code='blank')]},)}
{'row': 402, 'errors': ValidationError({'publish_time': [ErrorDetail(string='This field may not be blank.', code='blank')]},)}
{'row': 403, 'errors': ValidationError({'publish_time': [ErrorDetail(string='This field may not be blank.', code='blank')]},)}
{'row': 406, 'errors': ValidationError({'authors': [ErrorDetail(string='This field may not be blank.', code='blank')]},)}
{'row': 407, 'errors': ValidationError({'authors': [ErrorDetail(string='This field may not be blank.', code='blank')]},)}
{'row': 408, 'errors': ValidationError({'authors': [ErrorDetail(string='This field may not be blank.', code='blank')]},)}
{'row': 409, 'errors': ValidationError({'authors': [ErrorDetail(string='This field may not be blank.', code='blank')]},)}
{'row': 410, 'errors': ValidationError({'authors': [ErrorDetail(string='This field may not be blank.', code='blank')]},)}
{'row': 411, 'errors': ValidationError({'authors': [ErrorDetail(string='This field may not be blank.', code='blank')]},)}
{'row': 416, 'errors': ValidationError({'authors': [ErrorDetail(string='This field may not be blank.', code='blank')]},)}
{'row': 420, 'errors': ValidationError({'authors': [ErrorDetail(string='This field may not be blank.', code='blank')]},)}
{'row': 442, 'errors': ValidationError({'authors': [ErrorDetail(string='This field may not be blank.', code='blank')]},)}
{'row': 449, 'errors': ValidationError({'authors': [ErrorDetail(string='This field may not be blank.', code='blank')]},)}
{'row': 520, 'errors': ValidationError({'authors': [ErrorDetail(string='This field may not be blank.', code='blank')]},)}
{'row': 533, 'errors': ValidationError({'publish_time': [ErrorDetail(string='This field may not be blank.', code='blank')]},)}
{'row': 534, 'errors': ValidationError({'publish_time': [ErrorDetail(string='This field may not be blank.', code='blank')]},)}
{'row': 541, 'errors': ValidationError({'authors': [ErrorDetail(string='This field may not be blank.', code='blank')]},)}
{'row': 592, 'errors': ValidationError({'authors': [ErrorDetail(string='This field may not be blank.', code='blank')]},)}
{'row': 655, 'errors': ValidationError({'authors': [ErrorDetail(string='This field may not be blank.', code='blank')]},)}
{'row': 658, 'errors': ValidationError({'publish_time': [ErrorDetail(string='This field may not be blank.', code='blank')]},)}
{'row': 750, 'errors': ValidationError({'authors': [ErrorDetail(string='This field may not be blank.', code='blank')]},)}
{'row': 776, 'errors': ValidationError({'publish_time': [ErrorDetail(string='This field may not be blank.', code='blank')], 'mag_id': [ErrorDetail(string='Ensure this field has no more than 50 characters.', code='max_length')]},)}
{'row': 779, 'errors': DataError('value too long for type character varying(200)\n',)}
{'row': 783, 'errors': ValidationError({'authors': [ErrorDetail(string='This field may not be blank.', code='blank')]},)}
{'row': 822, 'errors': ValidationError({'publish_time': [ErrorDetail(string='This field may not be blank.', code='blank')]},)}
{'row': 831, 'errors': ValidationError({'authors': [ErrorDetail(string='This field may not be blank.', code='blank')]},)}
{'row': 844, 'errors': ValidationError({'authors': [ErrorDetail(string='This field may not be blank.', code='blank')]},)}
{'row': 846, 'errors': ValidationError({'authors': [ErrorDetail(string='This field may not be blank.', code='blank')]},)}
{'row': 869, 'errors': ValidationError({'authors': [ErrorDetail(string='This field may not be blank.', code='blank')]},)}
{'row': 871, 'errors': ValidationError({'authors': [ErrorDetail(string='This field may not be blank.', code='blank')]},)}
{'row': 882, 'errors': ValidationError({'authors': [ErrorDetail(string='This field may not be blank.', code='blank')]},)}
{'row': 902, 'errors': ValidationError({'authors': [ErrorDetail(string='This field may not be blank.', code='blank')]},)}
{'row': 1003, 'errors': ValidationError({'authors': [ErrorDetail(string='This field may not be blank.', code='blank')]},)}
{'row': 1009, 'errors': ValidationError({'authors': [ErrorDetail(string='This field may not be blank.', code='blank')]},)}
{'row': 1115, 'errors': ValidationError({'authors': [ErrorDetail(string='This field may not be blank.', code='blank')]},)}
{'row': 1116, 'errors': ValidationError({'authors': [ErrorDetail(string='This field may not be blank.', code='blank')]},)}
{'row': 1117, 'errors': ValidationError({'authors': [ErrorDetail(string='This field may not be blank.', code='blank')]},)}
{'row': 1118, 'errors': ValidationError({'authors': [ErrorDetail(string='This field may not be blank.', code='blank')]},)}
{'row': 1119, 'errors': ValidationError({'authors': [ErrorDetail(string='This field may not be blank.', code='blank')]},)}
{'row': 1120, 'errors': ValidationError({'authors': [ErrorDetail(string='This field may not be blank.', code='blank')]},)}
{'row': 1121, 'errors': ValidationError({'authors': [ErrorDetail(string='This field may not be blank.', code='blank')]},)}
{'row': 1122, 'errors': ValidationError({'authors': [ErrorDetail(string='This field may not be blank.', code='blank')]},)}
{'row': 1123, 'errors': ValidationError({'authors': [ErrorDetail(string='This field may not be blank.', code='blank')]},)}
{'row': 1124, 'errors': ValidationError({'authors': [ErrorDetail(string='This field may not be blank.', code='blank')]},)}
{'row': 1241, 'errors': ValidationError({'non_field_errors': [{}, {}, {}, {}, {}, {}, {'given_name': [ErrorDetail(string='This field may not be blank.', code='blank')]}, {}, {}]},)}
{'row': 1469, 'errors': ValidationError({'authors': [ErrorDetail(string='This field may not be blank.', code='blank')]},)}
{'row': 1929, 'errors': ValidationError({'non_field_errors': [{}, {}, {}, {}, {}, {'given_name': [ErrorDetail(string='This field may not be blank.', code='blank')]}, {}, {}, {}, {}]},)}
{'row': 2781, 'errors': ValidationError({'authors': [ErrorDetail(string='This field may not be blank.', code='blank')]},)}
{'row': 3055, 'errors': ValidationError({'authors': [ErrorDetail(string='This field may not be blank.', code='blank')]},)}
{'row': 3264, 'errors': ValidationError({'publish_time': [ErrorDetail(string='This field may not be blank.', code='blank')]},)}
{'row': 3493, 'errors': ValidationError({'authors': [ErrorDetail(string='This field may not be blank.', code='blank')]},)}
{'row': 3738, 'errors': ValidationError({'publish_time': [ErrorDetail(string='This field may not be blank.', code='blank')]},)}
{'row': 3743, 'errors': ValidationError({'authors': [ErrorDetail(string='This field may not be blank.', code='blank')]},)}
{'row': 3910, 'errors': ValidationError({'authors': [ErrorDetail(string='This field may not be blank.', code='blank')]},)}
{'row': 3923, 'errors': ValidationError({'authors': [ErrorDetail(string='This field may not be blank.', code='blank')]},)}
{'row': 3939, 'errors': ValidationError({'authors': [ErrorDetail(string='This field may not be blank.', code='blank')]},)}
{'row': 3938, 'errors': ValidationError({'authors': [ErrorDetail(string='This field may not be blank.', code='blank')]},)}
{'row': 4005, 'errors': ValidationError({'authors': [ErrorDetail(string='This field may not be blank.', code='blank')]},)}
{'row': 4083, 'errors': ValidationError({'publish_time': [ErrorDetail(string='This field may not be blank.', code='blank')]},)}
{'row': 4216, 'errors': ValidationError({'publish_time': [ErrorDetail(string='This field may not be blank.', code='blank')]},)}
{'row': 4219, 'errors': ValidationError({'publish_time': [ErrorDetail(string='This field may not be blank.', code='blank')]},)}
{'row': 4365, 'errors': ValidationError({'publish_time': [ErrorDetail(string='This field may not be blank.', code='blank')]},)}
{'row': 4455, 'errors': ValidationError({'publish_time': [ErrorDetail(string='This field may not be blank.', code='blank')]},)}
{'row': 4514, 'errors': IntegrityError('duplicate key value violates unique constraint "core_artifact_keywords_artifact_id_keyword_id_f02a4c61_uniq"\nDETAIL:  Key (artifact_id, keyword_id)=(cde911e0-db29-4c2e-bf09-ad2ca141f71d, 7c96ca42-bfc1-464c-89cd-9e4b8186b35c) already exists.\n',)}
{'row': 4519, 'errors': ValidationError({'authors': [ErrorDetail(string='This field may not be blank.', code='blank')]},)}
{'row': 4584, 'errors': ValidationError({'publish_time': [ErrorDetail(string='This field may not be blank.', code='blank')]},)}
{'row': 4630, 'errors': ValidationError({'publish_time': [ErrorDetail(string='This field may not be blank.', code='blank')]},)}
{'row': 4661, 'errors': ValidationError({'publish_time': [ErrorDetail(string='This field may not be blank.', code='blank')]},)}
{'row': 4677, 'errors': ValidationError({'publish_time': [ErrorDetail(string='This field may not be blank.', code='blank')], 'authors': [ErrorDetail(string='This field may not be blank.', code='blank')]},)}
{'row': 4678, 'errors': AttributeError("'NoneType' object has no attribute 'year'",)}
{'row': 4679, 'errors': AttributeError("'NoneType' object has no attribute 'year'",)}
{'row': 4719, 'errors': ValidationError({'authors': [ErrorDetail(string='This field may not be blank.', code='blank')]},)}
{'row': 4735, 'errors': ValidationError({'authors': [ErrorDetail(string='This field may not be blank.', code='blank')]},)}
{'row': 4806, 'errors': ValidationError({'publish_time': [ErrorDetail(string='This field may not be blank.', code='blank')]},)}
{'row': 4867, 'errors': ValidationError({'publish_time': [ErrorDetail(string='This field may not be blank.', code='blank')]},)}
{'row': 4896, 'errors': AttributeError("'NoneType' object has no attribute 'year'",)}
{'row': 4974, 'errors': ValidationError({'publish_time': [ErrorDetail(string='This field may not be blank.', code='blank')]},)}
{'row': 5051, 'errors': ValidationError({'publish_time': [ErrorDetail(string='This field may not be blank.', code='blank')]},)}
{'row': 5108, 'errors': ValidationError({'publish_time': [ErrorDetail(string='This field may not be blank.', code='blank')]},)}
{'row': 5286, 'errors': ValidationError({'publish_time': [ErrorDetail(string='This field may not be blank.', code='blank')]},)}
{'row': 5325, 'errors': ValidationError({'authors': [ErrorDetail(string='This field may not be blank.', code='blank')]},)}
{'row': 5337, 'errors': ValidationError({'publish_time': [ErrorDetail(string='This field may not be blank.', code='blank')]},)}
{'row': 5346, 'errors': ValidationError({'publish_time': [ErrorDetail(string='This field may not be blank.', code='blank')]},)}
{'row': 5370, 'errors': ValidationError({'publish_time': [ErrorDetail(string='This field may not be blank.', code='blank')]},)}
{'row': 5386, 'errors': ValidationError({'authors': [ErrorDetail(string='This field may not be blank.', code='blank')]},)}
{'row': 5474, 'errors': ValidationError({'authors': [ErrorDetail(string='This field may not be blank.', code='blank')]},)}
{'row': 5477, 'errors': ValidationError({'publish_time': [ErrorDetail(string='This field may not be blank.', code='blank')]},)}
{'row': 5480, 'errors': ValidationError({'authors': [ErrorDetail(string='This field may not be blank.', code='blank')]},)}
{'row': 5487, 'errors': ValidationError({'authors': [ErrorDetail(string='This field may not be blank.', code='blank')]},)}
{'row': 5490, 'errors': ValidationError({'publish_time': [ErrorDetail(string='This field may not be blank.', code='blank')], 'authors': [ErrorDetail(string='This field may not be blank.', code='blank')]},)}
{'row': 5491, 'errors': AttributeError("'NoneType' object has no attribute 'year'",)}
{'row': 5492, 'errors': AttributeError("'NoneType' object has no attribute 'year'",)}
{'row': 5498, 'errors': ValidationError({'authors': [ErrorDetail(string='This field may not be blank.', code='blank')]},)}
{'row': 5675, 'errors': ValidationError({'publish_time': [ErrorDetail(string='This field may not be blank.', code='blank')]},)}
{'row': 5740, 'errors': ValidationError({'publish_time': [ErrorDetail(string='This field may not be blank.', code='blank')]},)}
{'row': 5741, 'errors': ValidationError({'authors': [ErrorDetail(string='This field may not be blank.', code='blank')]},)}
{'row': 5886, 'errors': ValidationError({'publish_time': [ErrorDetail(string='This field may not be blank.', code='blank')]},)}
{'row': 5965, 'errors': ValidationError({'authors': [ErrorDetail(string='This field may not be blank.', code='blank')]},)}
{'row': 6095, 'errors': ValidationError({'authors': [ErrorDetail(string='This field may not be blank.', code='blank')]},)}
{'row': 6257, 'errors': ValidationError({'publish_time': [ErrorDetail(string='This field may not be blank.', code='blank')]},)}
{'row': 6259, 'errors': ValidationError({'authors': [ErrorDetail(string='This field may not be blank.', code='blank')]},)}
{'row': 6278, 'errors': ValidationError({'authors': [ErrorDetail(string='This field may not be blank.', code='blank')]},)}
{'row': 6292, 'errors': ValidationError({'authors': [ErrorDetail(string='This field may not be blank.', code='blank')]},)}
{'row': 6623, 'errors': ValidationError({'publish_time': [ErrorDetail(string='This field may not be blank.', code='blank')]},)}
{'row': 6625, 'errors': ValidationError({'publish_time': [ErrorDetail(string='This field may not be blank.', code='blank')]},)}
{'row': 6667, 'errors': ValidationError({'non_field_errors': [{}, {'given_name': [ErrorDetail(string='This field may not be blank.', code='blank')]}, {}, {}, {}, {}, {}, {}, {}, {}]},)}
{'row': 6805, 'errors': ValidationError({'publish_time': [ErrorDetail(string='This field may not be blank.', code='blank')]},)}
{'row': 6817, 'errors': ValidationError({'publish_time': [ErrorDetail(string='This field may not be blank.', code='blank')]},)}
{'row': 6874, 'errors': ValidationError({'authors': [ErrorDetail(string='This field may not be blank.', code='blank')]},)}
{'row': 6973, 'errors': ValidationError({'publish_time': [ErrorDetail(string='This field may not be blank.', code='blank')]},)}
{'row': 7082, 'errors': ValidationError({'authors': [ErrorDetail(string='This field may not be blank.', code='blank')]},)}
{'row': 7208, 'errors': ValidationError({'non_field_errors': [{'given_name': [ErrorDetail(string='This field may not be blank.', code='blank')]}, {}, {}, {}, {}, {}, {}, {}, {}, {}, {}]},)}
{'row': 7334, 'errors': ValidationError({'publish_time': [ErrorDetail(string='This field may not be blank.', code='blank')]},)}
{'row': 7374, 'errors': ValidationError({'publish_time': [ErrorDetail(string='This field may not be blank.', code='blank')]},)}
{'row': 7455, 'errors': ValidationError({'non_field_errors': [{'given_name': [ErrorDetail(string='This field may not be blank.', code='blank')]}]},)}
{'row': 7545, 'errors': ValidationError({'publish_time': [ErrorDetail(string='This field may not be blank.', code='blank')]},)}
{'row': 7554, 'errors': ValidationError({'publish_time': [ErrorDetail(string='This field may not be blank.', code='blank')]},)}
{'row': 7588, 'errors': ValidationError({'publish_time': [ErrorDetail(string='This field may not be blank.', code='blank')]},)}
{'row': 7651, 'errors': ValidationError({'non_field_errors': [{}, {}, {'given_name': [ErrorDetail(string='This field may not be blank.', code='blank')]}, {}]},)}
{'row': 7700, 'errors': ValidationError({'publish_time': [ErrorDetail(string='This field may not be blank.', code='blank')]},)}
{'row': 7745, 'errors': ValidationError({'non_field_errors': [{}, {}, {}, {'given_name': [ErrorDetail(string='This field may not be blank.', code='blank')]}, {}]},)}
{'row': 7908, 'errors': ValidationError({'authors': [ErrorDetail(string='This field may not be blank.', code='blank')]},)}
{'row': 7933, 'errors': ValidationError({'publish_time': [ErrorDetail(string='This field may not be blank.', code='blank')]},)}
{'row': 7949, 'errors': ValidationError({'authors': [ErrorDetail(string='This field may not be blank.', code='blank')]},)}
{'row': 7950, 'errors': ValidationError({'authors': [ErrorDetail(string='This field may not be blank.', code='blank')]},)}
{'row': 7969, 'errors': ValidationError({'non_field_errors': [{'given_name': [ErrorDetail(string='This field may not be blank.', code='blank')]}, {}, {}, {}, {}]},)}
{'row': 7974, 'errors': ValidationError({'publish_time': [ErrorDetail(string='This field may not be blank.', code='blank')]},)}
{'row': 7988, 'errors': ValidationError({'authors': [ErrorDetail(string='This field may not be blank.', code='blank')]},)}
{'row': 7995, 'errors': ValidationError({'publish_time': [ErrorDetail(string='This field may not be blank.', code='blank')]},)}
{'row': 8016, 'errors': ValidationError({'publish_time': [ErrorDetail(string='This field may not be blank.', code='blank')]},)}
{'row': 8045, 'errors': ValidationError({'authors': [ErrorDetail(string='This field may not be blank.', code='blank')]},)}
{'row': 8051, 'errors': ValidationError({'authors': [ErrorDetail(string='This field may not be blank.', code='blank')]},)}
{'row': 8052, 'errors': ValidationError({'authors': [ErrorDetail(string='This field may not be blank.', code='blank')]},)}
{'row': 8058, 'errors': ValidationError({'publish_time': [ErrorDetail(string='This field may not be blank.', code='blank')]},)}
{'row': 8079, 'errors': ValidationError({'authors': [ErrorDetail(string='This field may not be blank.', code='blank')]},)}
{'row': 8080, 'errors': ValidationError({'authors': [ErrorDetail(string='This field may not be blank.', code='blank')]},)}
{'row': 8081, 'errors': ValidationError({'authors': [ErrorDetail(string='This field may not be blank.', code='blank')]},)}
{'row': 8082, 'errors': ValidationError({'authors': [ErrorDetail(string='This field may not be blank.', code='blank')]},)}
{'row': 8083, 'errors': ValidationError({'authors': [ErrorDetail(string='This field may not be blank.', code='blank')]},)}
{'row': 8084, 'errors': ValidationError({'authors': [ErrorDetail(string='This field may not be blank.', code='blank')]},)}
{'row': 8085, 'errors': ValidationError({'authors': [ErrorDetail(string='This field may not be blank.', code='blank')]},)}
{'row': 8086, 'errors': ValidationError({'authors': [ErrorDetail(string='This field may not be blank.', code='blank')]},)}
{'row': 8087, 'errors': ValidationError({'authors': [ErrorDetail(string='This field may not be blank.', code='blank')]},)}
{'row': 8088, 'errors': ValidationError({'authors': [ErrorDetail(string='This field may not be blank.', code='blank')]},)}
{'row': 8089, 'errors': ValidationError({'authors': [ErrorDetail(string='This field may not be blank.', code='blank')]},)}
{'row': 8090, 'errors': ValidationError({'authors': [ErrorDetail(string='This field may not be blank.', code='blank')]},)}
{'row': 8091, 'errors': ValidationError({'authors': [ErrorDetail(string='This field may not be blank.', code='blank')]},)}
{'row': 8092, 'errors': ValidationError({'authors': [ErrorDetail(string='This field may not be blank.', code='blank')]},)}
{'row': 8093, 'errors': ValidationError({'authors': [ErrorDetail(string='This field may not be blank.', code='blank')]},)}
{'row': 8094, 'errors': ValidationError({'authors': [ErrorDetail(string='This field may not be blank.', code='blank')]},)}
{'row': 8095, 'errors': ValidationError({'authors': [ErrorDetail(string='This field may not be blank.', code='blank')]},)}
{'row': 8096, 'errors': ValidationError({'authors': [ErrorDetail(string='This field may not be blank.', code='blank')]},)}
{'row': 8097, 'errors': ValidationError({'authors': [ErrorDetail(string='This field may not be blank.', code='blank')]},)}
{'row': 8098, 'errors': ValidationError({'authors': [ErrorDetail(string='This field may not be blank.', code='blank')]},)}
{'row': 8099, 'errors': ValidationError({'authors': [ErrorDetail(string='This field may not be blank.', code='blank')]},)}
{'row': 8100, 'errors': ValidationError({'authors': [ErrorDetail(string='This field may not be blank.', code='blank')]},)}
{'row': 8102, 'errors': ValidationError({'authors': [ErrorDetail(string='This field may not be blank.', code='blank')]},)}
{'row': 8103, 'errors': ValidationError({'authors': [ErrorDetail(string='This field may not be blank.', code='blank')]},)}
{'row': 8104, 'errors': ValidationError({'authors': [ErrorDetail(string='This field may not be blank.', code='blank')]},)}
{'row': 8105, 'errors': ValidationError({'authors': [ErrorDetail(string='This field may not be blank.', code='blank')]},)}
{'row': 8106, 'errors': ValidationError({'authors': [ErrorDetail(string='This field may not be blank.', code='blank')]},)}
{'row': 8107, 'errors': ValidationError({'authors': [ErrorDetail(string='This field may not be blank.', code='blank')]},)}
{'row': 8108, 'errors': ValidationError({'authors': [ErrorDetail(string='This field may not be blank.', code='blank')]},)}
{'row': 8109, 'errors': ValidationError({'authors': [ErrorDetail(string='This field may not be blank.', code='blank')]},)}
{'row': 8110, 'errors': ValidationError({'authors': [ErrorDetail(string='This field may not be blank.', code='blank')]},)}
{'row': 8111, 'errors': ValidationError({'authors': [ErrorDetail(string='This field may not be blank.', code='blank')]},)}
{'row': 8112, 'errors': ValidationError({'authors': [ErrorDetail(string='This field may not be blank.', code='blank')]},)}
{'row': 8113, 'errors': ValidationError({'authors': [ErrorDetail(string='This field may not be blank.', code='blank')]},)}
{'row': 8114, 'errors': ValidationError({'authors': [ErrorDetail(string='This field may not be blank.', code='blank')]},)}
{'row': 8115, 'errors': ValidationError({'authors': [ErrorDetail(string='This field may not be blank.', code='blank')]},)}
{'row': 8116, 'errors': ValidationError({'authors': [ErrorDetail(string='This field may not be blank.', code='blank')]},)}
{'row': 8117, 'errors': ValidationError({'authors': [ErrorDetail(string='This field may not be blank.', code='blank')]},)}
{'row': 8118, 'errors': ValidationError({'authors': [ErrorDetail(string='This field may not be blank.', code='blank')]},)}
{'row': 8119, 'errors': ValidationError({'authors': [ErrorDetail(string='This field may not be blank.', code='blank')]},)}
{'row': 8121, 'errors': ValidationError({'authors': [ErrorDetail(string='This field may not be blank.', code='blank')]},)}
{'row': 8120, 'errors': ValidationError({'authors': [ErrorDetail(string='This field may not be blank.', code='blank')]},)}
{'row': 8122, 'errors': ValidationError({'authors': [ErrorDetail(string='This field may not be blank.', code='blank')]},)}
{'row': 8123, 'errors': ValidationError({'authors': [ErrorDetail(string='This field may not be blank.', code='blank')]},)}
{'row': 8124, 'errors': ValidationError({'authors': [ErrorDetail(string='This field may not be blank.', code='blank')]},)}
{'row': 8125, 'errors': ValidationError({'authors': [ErrorDetail(string='This field may not be blank.', code='blank')]},)}
{'row': 8126, 'errors': ValidationError({'authors': [ErrorDetail(string='This field may not be blank.', code='blank')]},)}
{'row': 8132, 'errors': ValidationError({'authors': [ErrorDetail(string='This field may not be blank.', code='blank')]},)}
{'row': 8146, 'errors': ValidationError({'authors': [ErrorDetail(string='This field may not be blank.', code='blank')]},)}
{'row': 8147, 'errors': ValidationError({'authors': [ErrorDetail(string='This field may not be blank.', code='blank')]},)}
{'row': 8148, 'errors': ValidationError({'authors': [ErrorDetail(string='This field may not be blank.', code='blank')]},)}
{'row': 8149, 'errors': ValidationError({'authors': [ErrorDetail(string='This field may not be blank.', code='blank')]},)}
{'row': 8150, 'errors': ValidationError({'authors': [ErrorDetail(string='This field may not be blank.', code='blank')]},)}
{'row': 8151, 'errors': ValidationError({'authors': [ErrorDetail(string='This field may not be blank.', code='blank')]},)}
{'row': 8152, 'errors': ValidationError({'authors': [ErrorDetail(string='This field may not be blank.', code='blank')]},)}
{'row': 8153, 'errors': ValidationError({'authors': [ErrorDetail(string='This field may not be blank.', code='blank')]},)}
{'row': 8154, 'errors': ValidationError({'authors': [ErrorDetail(string='This field may not be blank.', code='blank')]},)}
{'row': 8155, 'errors': ValidationError({'authors': [ErrorDetail(string='This field may not be blank.', code='blank')]},)}
{'row': 8156, 'errors': ValidationError({'authors': [ErrorDetail(string='This field may not be blank.', code='blank')]},)}
{'row': 8157, 'errors': ValidationError({'authors': [ErrorDetail(string='This field may not be blank.', code='blank')]},)}
{'row': 8159, 'errors': ValidationError({'authors': [ErrorDetail(string='This field may not be blank.', code='blank')]},)}
{'row': 8158, 'errors': ValidationError({'authors': [ErrorDetail(string='This field may not be blank.', code='blank')]},)}
{'row': 8160, 'errors': ValidationError({'authors': [ErrorDetail(string='This field may not be blank.', code='blank')]},)}
{'row': 8162, 'errors': ValidationError({'authors': [ErrorDetail(string='This field may not be blank.', code='blank')]},)}
{'row': 8161, 'errors': ValidationError({'authors': [ErrorDetail(string='This field may not be blank.', code='blank')]},)}
{'row': 8170, 'errors': ValidationError({'authors': [ErrorDetail(string='This field may not be blank.', code='blank')]},)}
{'row': 8171, 'errors': ValidationError({'authors': [ErrorDetail(string='This field may not be blank.', code='blank')]},)}
{'row': 8172, 'errors': ValidationError({'authors': [ErrorDetail(string='This field may not be blank.', code='blank')]},)}
{'row': 8173, 'errors': ValidationError({'authors': [ErrorDetail(string='This field may not be blank.', code='blank')]},)}
{'row': 8174, 'errors': ValidationError({'authors': [ErrorDetail(string='This field may not be blank.', code='blank')]},)}
{'row': 8175, 'errors': ValidationError({'authors': [ErrorDetail(string='This field may not be blank.', code='blank')]},)}
{'row': 8176, 'errors': ValidationError({'authors': [ErrorDetail(string='This field may not be blank.', code='blank')]},)}
{'row': 8186, 'errors': ValidationError({'authors': [ErrorDetail(string='This field may not be blank.', code='blank')]},)}
{'row': 8187, 'errors': ValidationError({'authors': [ErrorDetail(string='This field may not be blank.', code='blank')]},)}
{'row': 8188, 'errors': ValidationError({'authors': [ErrorDetail(string='This field may not be blank.', code='blank')]},)}
{'row': 8189, 'errors': ValidationError({'authors': [ErrorDetail(string='This field may not be blank.', code='blank')]},)}
{'row': 8190, 'errors': ValidationError({'authors': [ErrorDetail(string='This field may not be blank.', code='blank')]},)}
{'row': 8191, 'errors': ValidationError({'authors': [ErrorDetail(string='This field may not be blank.', code='blank')]},)}
{'row': 8192, 'errors': ValidationError({'authors': [ErrorDetail(string='This field may not be blank.', code='blank')]},)}
{'row': 8193, 'errors': ValidationError({'authors': [ErrorDetail(string='This field may not be blank.', code='blank')]},)}
{'row': 8195, 'errors': ValidationError({'authors': [ErrorDetail(string='This field may not be blank.', code='blank')]},)}
{'row': 8194, 'errors': ValidationError({'authors': [ErrorDetail(string='This field may not be blank.', code='blank')]},)}
{'row': 8196, 'errors': ValidationError({'authors': [ErrorDetail(string='This field may not be blank.', code='blank')]},)}
{'row': 8197, 'errors': ValidationError({'authors': [ErrorDetail(string='This field may not be blank.', code='blank')]},)}
{'row': 8198, 'errors': ValidationError({'authors': [ErrorDetail(string='This field may not be blank.', code='blank')]},)}
{'row': 8199, 'errors': ValidationError({'authors': [ErrorDetail(string='This field may not be blank.', code='blank')]},)}
{'row': 8200, 'errors': ValidationError({'authors': [ErrorDetail(string='This field may not be blank.', code='blank')]},)}
{'row': 8201, 'errors': ValidationError({'authors': [ErrorDetail(string='This field may not be blank.', code='blank')]},)}
{'row': 8202, 'errors': ValidationError({'authors': [ErrorDetail(string='This field may not be blank.', code='blank')]},)}
{'row': 8203, 'errors': ValidationError({'authors': [ErrorDetail(string='This field may not be blank.', code='blank')]},)}
{'row': 8474, 'errors': ValidationError({'authors': [ErrorDetail(string='This field may not be blank.', code='blank')]},)}
{'row': 8625, 'errors': ValidationError({'authors': [ErrorDetail(string='This field may not be blank.', code='blank')]},)}
{'row': 8783, 'errors': ValidationError({'authors': [ErrorDetail(string='This field may not be blank.', code='blank')]},)}
{'row': 8797, 'errors': ValidationError({'publish_time': [ErrorDetail(string='This field may not be blank.', code='blank')]},)}
{'row': 8842, 'errors': ValidationError({'authors': [ErrorDetail(string='This field may not be blank.', code='blank')]},)}
{'row': 8845, 'errors': ValidationError({'authors': [ErrorDetail(string='This field may not be blank.', code='blank')]},)}
{'row': 8850, 'errors': ValidationError({'authors': [ErrorDetail(string='This field may not be blank.', code='blank')]},)}
{'row': 8859, 'errors': ValidationError({'authors': [ErrorDetail(string='This field may not be blank.', code='blank')]},)}
{'row': 8860, 'errors': ValidationError({'authors': [ErrorDetail(string='This field may not be blank.', code='blank')]},)}
{'row': 8873, 'errors': ValidationError({'authors': [ErrorDetail(string='This field may not be blank.', code='blank')]},)}
{'row': 8874, 'errors': ValidationError({'authors': [ErrorDetail(string='This field may not be blank.', code='blank')]},)}
{'row': 8881, 'errors': ValidationError({'authors': [ErrorDetail(string='This field may not be blank.', code='blank')]},)}
{'row': 8936, 'errors': ValidationError({'publish_time': [ErrorDetail(string='This field may not be blank.', code='blank')], 'authors': [ErrorDetail(string='This field may not be blank.', code='blank')]},)}
{'row': 8994, 'errors': ValidationError({'non_field_errors': [{}, {}, {}, {}, {'given_name': [ErrorDetail(string='This field may not be blank.', code='blank')]}, {}]},)}
{'row': 9010, 'errors': ValidationError({'authors': [ErrorDetail(string='This field may not be blank.', code='blank')]},)}
{'row': 9011, 'errors': ValidationError({'authors': [ErrorDetail(string='This field may not be blank.', code='blank')]},)}
{'row': 9087, 'errors': ValidationError({'authors': [ErrorDetail(string='This field may not be blank.', code='blank')]},)}
{'row': 9117, 'errors': ValidationError({'authors': [ErrorDetail(string='This field may not be blank.', code='blank')]},)}
{'row': 9151, 'errors': ValidationError({'authors': [ErrorDetail(string='This field may not be blank.', code='blank')]},)}
{'row': 9241, 'errors': ValidationError({'authors': [ErrorDetail(string='This field may not be blank.', code='blank')]},)}
{'row': 9278, 'errors': ValidationError({'authors': [ErrorDetail(string='This field may not be blank.', code='blank')]},)}
{'row': 9317, 'errors': ValidationError({'authors': [ErrorDetail(string='This field may not be blank.', code='blank')]},)}
{'row': 9398, 'errors': ValidationError({'publish_time': [ErrorDetail(string='This field may not be blank.', code='blank')]},)}
{'row': 9421, 'errors': ValidationError({'authors': [ErrorDetail(string='This field may not be blank.', code='blank')]},)}
{'row': 9435, 'errors': ValidationError({'authors': [ErrorDetail(string='This field may not be blank.', code='blank')]},)}
{'row': 9455, 'errors': ValidationError({'authors': [ErrorDetail(string='This field may not be blank.', code='blank')]},)}
{'row': 9456, 'errors': ValidationError({'authors': [ErrorDetail(string='This field may not be blank.', code='blank')]},)}
{'row': 9458, 'errors': ValidationError({'authors': [ErrorDetail(string='This field may not be blank.', code='blank')]},)}
{'row': 9488, 'errors': ValidationError({'authors': [ErrorDetail(string='This field may not be blank.', code='blank')]},)}
{'row': 9494, 'errors': ValidationError({'publish_time': [ErrorDetail(string='This field may not be blank.', code='blank')]},)}
{'row': 9514, 'errors': ValidationError({'authors': [ErrorDetail(string='This field may not be blank.', code='blank')]},)}
{'row': 9515, 'errors': ValidationError({'authors': [ErrorDetail(string='This field may not be blank.', code='blank')]},)}
{'row': 9530, 'errors': ValidationError({'authors': [ErrorDetail(string='This field may not be blank.', code='blank')]},)}
{'row': 9568, 'errors': ValidationError({'authors': [ErrorDetail(string='This field may not be blank.', code='blank')]},)}
{'row': 9580, 'errors': ValidationError({'authors': [ErrorDetail(string='This field may not be blank.', code='blank')]},)}
{'row': 9652, 'errors': ValidationError({'authors': [ErrorDetail(string='This field may not be blank.', code='blank')]},)}
{'row': 9699, 'errors': ValidationError({'authors': [ErrorDetail(string='This field may not be blank.', code='blank')]},)}
{'row': 9714, 'errors': ValidationError({'publish_time': [ErrorDetail(string='This field may not be blank.', code='blank')]},)}
{'row': 9732, 'errors': ValidationError({'authors': [ErrorDetail(string='This field may not be blank.', code='blank')]},)}
{'row': 9734, 'errors': ValidationError({'authors': [ErrorDetail(string='This field may not be blank.', code='blank')]},)}
{'row': 9764, 'errors': ValidationError({'publish_time': [ErrorDetail(string='This field may not be blank.', code='blank')]},)}
{'row': 9804, 'errors': ValidationError({'authors': [ErrorDetail(string='This field may not be blank.', code='blank')]},)}
{'row': 9807, 'errors': ValidationError({'authors': [ErrorDetail(string='This field may not be blank.', code='blank')]},)}
{'row': 9820, 'errors': ValidationError({'authors': [ErrorDetail(string='This field may not be blank.', code='blank')]},)}
{'row': 9902, 'errors': ValidationError({'authors': [ErrorDetail(string='This field may not be blank.', code='blank')]},)}
{'row': 9986, 'errors': ValidationError({'authors': [ErrorDetail(string='This field may not be blank.', code='blank')]},)}
{'row': 10166, 'errors': ValidationError({'authors': [ErrorDetail(string='This field may not be blank.', code='blank')]},)}
{'row': 10167, 'errors': ValidationError({'authors': [ErrorDetail(string='This field may not be blank.', code='blank')]},)}
{'row': 10231, 'errors': ValidationError({'authors': [ErrorDetail(string='This field may not be blank.', code='blank')]},)}
{'row': 10314, 'errors': ValidationError({'authors': [ErrorDetail(string='This field may not be blank.', code='blank')]},)}
{'row': 10429, 'errors': ValidationError({'authors': [ErrorDetail(string='This field may not be blank.', code='blank')]},)}
{'row': 10633, 'errors': ValidationError({'authors': [ErrorDetail(string='This field may not be blank.', code='blank')]},)}
{'row': 10635, 'errors': ValidationError({'authors': [ErrorDetail(string='This field may not be blank.', code='blank')]},)}
{'row': 10637, 'errors': ValidationError({'authors': [ErrorDetail(string='This field may not be blank.', code='blank')]},)}
{'row': 10641, 'errors': ValidationError({'authors': [ErrorDetail(string='This field may not be blank.', code='blank')]},)}
{'row': 10670, 'errors': ValidationError({'authors': [ErrorDetail(string='This field may not be blank.', code='blank')]},)}
{'row': 10691, 'errors': ValidationError({'authors': [ErrorDetail(string='This field may not be blank.', code='blank')]},)}
{'row': 10693, 'errors': ValidationError({'authors': [ErrorDetail(string='This field may not be blank.', code='blank')]},)}
{'row': 10701, 'errors': ValidationError({'authors': [ErrorDetail(string='This field may not be blank.', code='blank')]},)}
{'row': 10794, 'errors': ValidationError({'authors': [ErrorDetail(string='This field may not be blank.', code='blank')]},)}
{'row': 10796, 'errors': ValidationError({'authors': [ErrorDetail(string='This field may not be blank.', code='blank')]},)}
{'row': 10799, 'errors': ValidationError({'authors': [ErrorDetail(string='This field may not be blank.', code='blank')]},)}
{'row': 10849, 'errors': ValidationError({'authors': [ErrorDetail(string='This field may not be blank.', code='blank')]},)}
{'row': 10864, 'errors': ValidationError({'authors': [ErrorDetail(string='This field may not be blank.', code='blank')]},)}
{'row': 10893, 'errors': ValidationError({'publish_time': [ErrorDetail(string='This field may not be blank.', code='blank')]},)}
{'row': 10894, 'errors': ValidationError({'authors': [ErrorDetail(string='This field may not be blank.', code='blank')]},)}
{'row': 10895, 'errors': ValidationError({'authors': [ErrorDetail(string='This field may not be blank.', code='blank')]},)}
{'row': 10896, 'errors': ValidationError({'publish_time': [ErrorDetail(string='This field may not be blank.', code='blank')]},)}
{'row': 10898, 'errors': ValidationError({'publish_time': [ErrorDetail(string='This field may not be blank.', code='blank')]},)}
{'row': 10899, 'errors': ValidationError({'publish_time': [ErrorDetail(string='This field may not be blank.', code='blank')]},)}
{'row': 10900, 'errors': ValidationError({'publish_time': [ErrorDetail(string='This field may not be blank.', code='blank')]},)}
{'row': 10902, 'errors': ValidationError({'publish_time': [ErrorDetail(string='This field may not be blank.', code='blank')]},)}
{'row': 10903, 'errors': ValidationError({'publish_time': [ErrorDetail(string='This field may not be blank.', code='blank')]},)}
{'row': 10904, 'errors': ValidationError({'publish_time': [ErrorDetail(string='This field may not be blank.', code='blank')]},)}
{'row': 10906, 'errors': ValidationError({'publish_time': [ErrorDetail(string='This field may not be blank.', code='blank')]},)}
{'row': 10907, 'errors': ValidationError({'publish_time': [ErrorDetail(string='This field may not be blank.', code='blank')]},)}
{'row': 10908, 'errors': ValidationError({'publish_time': [ErrorDetail(string='This field may not be blank.', code='blank')]},)}
{'row': 10909, 'errors': ValidationError({'publish_time': [ErrorDetail(string='This field may not be blank.', code='blank')]},)}
{'row': 10910, 'errors': ValidationError({'publish_time': [ErrorDetail(string='This field may not be blank.', code='blank')]},)}
{'row': 10911, 'errors': ValidationError({'publish_time': [ErrorDetail(string='This field may not be blank.', code='blank')]},)}
{'row': 10914, 'errors': ValidationError({'publish_time': [ErrorDetail(string='This field may not be blank.', code='blank')]},)}
{'row': 10915, 'errors': ValidationError({'publish_time': [ErrorDetail(string='This field may not be blank.', code='blank')]},)}
{'row': 10917, 'errors': ValidationError({'publish_time': [ErrorDetail(string='This field may not be blank.', code='blank')]},)}
{'row': 10918, 'errors': ValidationError({'publish_time': [ErrorDetail(string='This field may not be blank.', code='blank')]},)}
{'row': 10919, 'errors': ValidationError({'publish_time': [ErrorDetail(string='This field may not be blank.', code='blank')]},)}
{'row': 10921, 'errors': ValidationError({'publish_time': [ErrorDetail(string='This field may not be blank.', code='blank')]},)}
{'row': 10922, 'errors': ValidationError({'publish_time': [ErrorDetail(string='This field may not be blank.', code='blank')]},)}
{'row': 10923, 'errors': ValidationError({'publish_time': [ErrorDetail(string='This field may not be blank.', code='blank')]},)}
{'row': 10924, 'errors': ValidationError({'publish_time': [ErrorDetail(string='This field may not be blank.', code='blank')]},)}
{'row': 10925, 'errors': ValidationError({'publish_time': [ErrorDetail(string='This field may not be blank.', code='blank')]},)}
{'row': 10926, 'errors': ValidationError({'publish_time': [ErrorDetail(string='This field may not be blank.', code='blank')]},)}
{'row': 10927, 'errors': ValidationError({'publish_time': [ErrorDetail(string='This field may not be blank.', code='blank')]},)}
{'row': 10928, 'errors': ValidationError({'publish_time': [ErrorDetail(string='This field may not be blank.', code='blank')]},)}
{'row': 10929, 'errors': ValidationError({'publish_time': [ErrorDetail(string='This field may not be blank.', code='blank')], 'authors': [ErrorDetail(string='This field may not be blank.', code='blank')]},)}
{'row': 10930, 'errors': ValidationError({'publish_time': [ErrorDetail(string='This field may not be blank.', code='blank')]},)}
{'row': 10932, 'errors': ValidationError({'publish_time': [ErrorDetail(string='This field may not be blank.', code='blank')]},)}
{'row': 10933, 'errors': ValidationError({'publish_time': [ErrorDetail(string='This field may not be blank.', code='blank')]},)}
{'row': 10934, 'errors': ValidationError({'publish_time': [ErrorDetail(string='This field may not be blank.', code='blank')]},)}
{'row': 10935, 'errors': ValidationError({'publish_time': [ErrorDetail(string='This field may not be blank.', code='blank')]},)}
{'row': 10936, 'errors': ValidationError({'publish_time': [ErrorDetail(string='This field may not be blank.', code='blank')]},)}
{'row': 10937, 'errors': ValidationError({'publish_time': [ErrorDetail(string='This field may not be blank.', code='blank')]},)}
{'row': 10938, 'errors': ValidationError({'publish_time': [ErrorDetail(string='This field may not be blank.', code='blank')]},)}
{'row': 10940, 'errors': ValidationError({'publish_time': [ErrorDetail(string='This field may not be blank.', code='blank')]},)}
{'row': 10939, 'errors': ValidationError({'publish_time': [ErrorDetail(string='This field may not be blank.', code='blank')]},)}
{'row': 10941, 'errors': ValidationError({'publish_time': [ErrorDetail(string='This field may not be blank.', code='blank')]},)}
{'row': 10942, 'errors': ValidationError({'publish_time': [ErrorDetail(string='This field may not be blank.', code='blank')]},)}
{'row': 10943, 'errors': ValidationError({'publish_time': [ErrorDetail(string='This field may not be blank.', code='blank')]},)}
{'row': 10944, 'errors': ValidationError({'publish_time': [ErrorDetail(string='This field may not be blank.', code='blank')]},)}
{'row': 10946, 'errors': ValidationError({'publish_time': [ErrorDetail(string='This field may not be blank.', code='blank')]},)}
{'row': 10947, 'errors': ValidationError({'publish_time': [ErrorDetail(string='This field may not be blank.', code='blank')]},)}
{'row': 10948, 'errors': ValidationError({'publish_time': [ErrorDetail(string='This field may not be blank.', code='blank')]},)}
{'row': 10949, 'errors': ValidationError({'publish_time': [ErrorDetail(string='This field may not be blank.', code='blank')]},)}
{'row': 10950, 'errors': ValidationError({'publish_time': [ErrorDetail(string='This field may not be blank.', code='blank')]},)}
{'row': 10951, 'errors': ValidationError({'publish_time': [ErrorDetail(string='This field may not be blank.', code='blank')]},)}
{'row': 10952, 'errors': ValidationError({'publish_time': [ErrorDetail(string='This field may not be blank.', code='blank')]},)}
{'row': 10954, 'errors': ValidationError({'publish_time': [ErrorDetail(string='This field may not be blank.', code='blank')]},)}
{'row': 10955, 'errors': ValidationError({'publish_time': [ErrorDetail(string='This field may not be blank.', code='blank')]},)}
{'row': 10956, 'errors': ValidationError({'publish_time': [ErrorDetail(string='This field may not be blank.', code='blank')]},)}
{'row': 10957, 'errors': ValidationError({'publish_time': [ErrorDetail(string='This field may not be blank.', code='blank')]},)}
{'row': 10959, 'errors': ValidationError({'publish_time': [ErrorDetail(string='This field may not be blank.', code='blank')]},)}
{'row': 10960, 'errors': ValidationError({'publish_time': [ErrorDetail(string='This field may not be blank.', code='blank')]},)}
{'row': 10961, 'errors': ValidationError({'publish_time': [ErrorDetail(string='This field may not be blank.', code='blank')]},)}
{'row': 10962, 'errors': ValidationError({'publish_time': [ErrorDetail(string='This field may not be blank.', code='blank')]},)}
{'row': 10963, 'errors': ValidationError({'publish_time': [ErrorDetail(string='This field may not be blank.', code='blank')]},)}
{'row': 10964, 'errors': ValidationError({'publish_time': [ErrorDetail(string='This field may not be blank.', code='blank')]},)}
{'row': 10965, 'errors': ValidationError({'publish_time': [ErrorDetail(string='This field may not be blank.', code='blank')], 'authors': [ErrorDetail(string='This field may not be blank.', code='blank')]},)}
{'row': 10966, 'errors': ValidationError({'publish_time': [ErrorDetail(string='This field may not be blank.', code='blank')]},)}
{'row': 10967, 'errors': ValidationError({'publish_time': [ErrorDetail(string='This field may not be blank.', code='blank')]},)}
{'row': 10969, 'errors': ValidationError({'publish_time': [ErrorDetail(string='This field may not be blank.', code='blank')]},)}
{'row': 10970, 'errors': ValidationError({'publish_time': [ErrorDetail(string='This field may not be blank.', code='blank')]},)}
{'row': 10972, 'errors': ValidationError({'publish_time': [ErrorDetail(string='This field may not be blank.', code='blank')]},)}
{'row': 10974, 'errors': ValidationError({'publish_time': [ErrorDetail(string='This field may not be blank.', code='blank')]},)}
{'row': 10975, 'errors': ValidationError({'publish_time': [ErrorDetail(string='This field may not be blank.', code='blank')]},)}
{'row': 10976, 'errors': ValidationError({'publish_time': [ErrorDetail(string='This field may not be blank.', code='blank')]},)}
{'row': 10978, 'errors': ValidationError({'publish_time': [ErrorDetail(string='This field may not be blank.', code='blank')]},)}
{'row': 10979, 'errors': ValidationError({'publish_time': [ErrorDetail(string='This field may not be blank.', code='blank')]},)}
{'row': 10980, 'errors': ValidationError({'publish_time': [ErrorDetail(string='This field may not be blank.', code='blank')]},)}
{'row': 10981, 'errors': ValidationError({'publish_time': [ErrorDetail(string='This field may not be blank.', code='blank')]},)}
{'row': 10982, 'errors': ValidationError({'publish_time': [ErrorDetail(string='This field may not be blank.', code='blank')]},)}
{'row': 10983, 'errors': ValidationError({'publish_time': [ErrorDetail(string='This field may not be blank.', code='blank')]},)}
{'row': 10984, 'errors': ValidationError({'publish_time': [ErrorDetail(string='This field may not be blank.', code='blank')]},)}
{'row': 10985, 'errors': ValidationError({'publish_time': [ErrorDetail(string='This field may not be blank.', code='blank')]},)}
{'row': 10987, 'errors': ValidationError({'publish_time': [ErrorDetail(string='This field may not be blank.', code='blank')]},)}
{'row': 10988, 'errors': ValidationError({'publish_time': [ErrorDetail(string='This field may not be blank.', code='blank')], 'authors': [ErrorDetail(string='This field may not be blank.', code='blank')]},)}
{'row': 10989, 'errors': ValidationError({'publish_time': [ErrorDetail(string='This field may not be blank.', code='blank')]},)}
{'row': 10990, 'errors': ValidationError({'publish_time': [ErrorDetail(string='This field may not be blank.', code='blank')]},)}
{'row': 10991, 'errors': ValidationError({'publish_time': [ErrorDetail(string='This field may not be blank.', code='blank')]},)}
{'row': 10992, 'errors': ValidationError({'publish_time': [ErrorDetail(string='This field may not be blank.', code='blank')]},)}
{'row': 10993, 'errors': ValidationError({'publish_time': [ErrorDetail(string='This field may not be blank.', code='blank')]},)}
{'row': 10994, 'errors': ValidationError({'publish_time': [ErrorDetail(string='This field may not be blank.', code='blank')]},)}
{'row': 10997, 'errors': ValidationError({'publish_time': [ErrorDetail(string='This field may not be blank.', code='blank')]},)}
{'row': 10998, 'errors': ValidationError({'publish_time': [ErrorDetail(string='This field may not be blank.', code='blank')]},)}
{'row': 10999, 'errors': ValidationError({'publish_time': [ErrorDetail(string='This field may not be blank.', code='blank')]},)}
{'row': 11000, 'errors': ValidationError({'publish_time': [ErrorDetail(string='This field may not be blank.', code='blank')]},)}
{'row': 11001, 'errors': ValidationError({'publish_time': [ErrorDetail(string='This field may not be blank.', code='blank')]},)}
{'row': 11002, 'errors': ValidationError({'publish_time': [ErrorDetail(string='This field may not be blank.', code='blank')], 'authors': [ErrorDetail(string='This field may not be blank.', code='blank')]},)}
{'row': 11004, 'errors': ValidationError({'publish_time': [ErrorDetail(string='This field may not be blank.', code='blank')]},)}
{'row': 11005, 'errors': ValidationError({'publish_time': [ErrorDetail(string='This field may not be blank.', code='blank')]},)}
{'row': 11006, 'errors': ValidationError({'publish_time': [ErrorDetail(string='This field may not be blank.', code='blank')]},)}
{'row': 11007, 'errors': ValidationError({'publish_time': [ErrorDetail(string='This field may not be blank.', code='blank')]},)}
{'row': 11008, 'errors': ValidationError({'publish_time': [ErrorDetail(string='This field may not be blank.', code='blank')]},)}
{'row': 11009, 'errors': ValidationError({'publish_time': [ErrorDetail(string='This field may not be blank.', code='blank')], 'authors': [ErrorDetail(string='This field may not be blank.', code='blank')]},)}
{'row': 11010, 'errors': ValidationError({'publish_time': [ErrorDetail(string='This field may not be blank.', code='blank')]},)}
{'row': 11011, 'errors': ValidationError({'publish_time': [ErrorDetail(string='This field may not be blank.', code='blank')]},)}
{'row': 11013, 'errors': ValidationError({'publish_time': [ErrorDetail(string='This field may not be blank.', code='blank')]},)}
{'row': 11015, 'errors': ValidationError({'publish_time': [ErrorDetail(string='This field may not be blank.', code='blank')]},)}
{'row': 11016, 'errors': ValidationError({'publish_time': [ErrorDetail(string='This field may not be blank.', code='blank')]},)}
{'row': 11017, 'errors': ValidationError({'publish_time': [ErrorDetail(string='This field may not be blank.', code='blank')]},)}
{'row': 11018, 'errors': ValidationError({'publish_time': [ErrorDetail(string='This field may not be blank.', code='blank')]},)}
{'row': 11019, 'errors': ValidationError({'publish_time': [ErrorDetail(string='This field may not be blank.', code='blank')]},)}
{'row': 11020, 'errors': ValidationError({'publish_time': [ErrorDetail(string='This field may not be blank.', code='blank')]},)}
{'row': 11021, 'errors': ValidationError({'publish_time': [ErrorDetail(string='This field may not be blank.', code='blank')]},)}
{'row': 11022, 'errors': ValidationError({'publish_time': [ErrorDetail(string='This field may not be blank.', code='blank')]},)}
{'row': 11023, 'errors': ValidationError({'publish_time': [ErrorDetail(string='This field may not be blank.', code='blank')]},)}
{'row': 11024, 'errors': ValidationError({'publish_time': [ErrorDetail(string='This field may not be blank.', code='blank')]},)}
{'row': 11025, 'errors': ValidationError({'publish_time': [ErrorDetail(string='This field may not be blank.', code='blank')]},)}
{'row': 11026, 'errors': ValidationError({'publish_time': [ErrorDetail(string='This field may not be blank.', code='blank')]},)}
{'row': 11027, 'errors': ValidationError({'publish_time': [ErrorDetail(string='This field may not be blank.', code='blank')]},)}
{'row': 11028, 'errors': ValidationError({'publish_time': [ErrorDetail(string='This field may not be blank.', code='blank')]},)}
{'row': 11031, 'errors': ValidationError({'publish_time': [ErrorDetail(string='This field may not be blank.', code='blank')]},)}
{'row': 11034, 'errors': ValidationError({'publish_time': [ErrorDetail(string='This field may not be blank.', code='blank')]},)}
{'row': 11036, 'errors': ValidationError({'publish_time': [ErrorDetail(string='This field may not be blank.', code='blank')]},)}
{'row': 11037, 'errors': ValidationError({'publish_time': [ErrorDetail(string='This field may not be blank.', code='blank')]},)}
{'row': 11038, 'errors': ValidationError({'publish_time': [ErrorDetail(string='This field may not be blank.', code='blank')]},)}
{'row': 11040, 'errors': ValidationError({'publish_time': [ErrorDetail(string='This field may not be blank.', code='blank')]},)}
{'row': 11041, 'errors': ValidationError({'publish_time': [ErrorDetail(string='This field may not be blank.', code='blank')]},)}
{'row': 11042, 'errors': ValidationError({'publish_time': [ErrorDetail(string='This field may not be blank.', code='blank')]},)}
{'row': 11043, 'errors': ValidationError({'publish_time': [ErrorDetail(string='This field may not be blank.', code='blank')]},)}
{'row': 11044, 'errors': ValidationError({'publish_time': [ErrorDetail(string='This field may not be blank.', code='blank')]},)}
{'row': 11046, 'errors': ValidationError({'publish_time': [ErrorDetail(string='This field may not be blank.', code='blank')]},)}
{'row': 11045, 'errors': ValidationError({'publish_time': [ErrorDetail(string='This field may not be blank.', code='blank')]},)}
{'row': 11047, 'errors': ValidationError({'publish_time': [ErrorDetail(string='This field may not be blank.', code='blank')]},)}
{'row': 11048, 'errors': ValidationError({'publish_time': [ErrorDetail(string='This field may not be blank.', code='blank')]},)}
{'row': 11049, 'errors': ValidationError({'publish_time': [ErrorDetail(string='This field may not be blank.', code='blank')]},)}
{'row': 11050, 'errors': ValidationError({'publish_time': [ErrorDetail(string='This field may not be blank.', code='blank')]},)}
{'row': 11052, 'errors': ValidationError({'publish_time': [ErrorDetail(string='This field may not be blank.', code='blank')]},)}
{'row': 11051, 'errors': ValidationError({'publish_time': [ErrorDetail(string='This field may not be blank.', code='blank')], 'authors': [ErrorDetail(string='This field may not be blank.', code='blank')]},)}
{'row': 11053, 'errors': ValidationError({'publish_time': [ErrorDetail(string='This field may not be blank.', code='blank')]},)}
{'row': 11054, 'errors': ValidationError({'publish_time': [ErrorDetail(string='This field may not be blank.', code='blank')]},)}
{'row': 11055, 'errors': ValidationError({'publish_time': [ErrorDetail(string='This field may not be blank.', code='blank')]},)}
{'row': 11056, 'errors': ValidationError({'publish_time': [ErrorDetail(string='This field may not be blank.', code='blank')]},)}
{'row': 11057, 'errors': ValidationError({'publish_time': [ErrorDetail(string='This field may not be blank.', code='blank')]},)}
{'row': 11058, 'errors': ValidationError({'publish_time': [ErrorDetail(string='This field may not be blank.', code='blank')]},)}
{'row': 11059, 'errors': ValidationError({'publish_time': [ErrorDetail(string='This field may not be blank.', code='blank')]},)}
{'row': 11060, 'errors': ValidationError({'publish_time': [ErrorDetail(string='This field may not be blank.', code='blank')]},)}
{'row': 11061, 'errors': ValidationError({'publish_time': [ErrorDetail(string='This field may not be blank.', code='blank')]},)}
{'row': 11062, 'errors': ValidationError({'publish_time': [ErrorDetail(string='This field may not be blank.', code='blank')]},)}
{'row': 11064, 'errors': ValidationError({'publish_time': [ErrorDetail(string='This field may not be blank.', code='blank')]},)}
{'row': 11065, 'errors': ValidationError({'publish_time': [ErrorDetail(string='This field may not be blank.', code='blank')]},)}
{'row': 11066, 'errors': ValidationError({'publish_time': [ErrorDetail(string='This field may not be blank.', code='blank')]},)}
{'row': 11067, 'errors': ValidationError({'publish_time': [ErrorDetail(string='This field may not be blank.', code='blank')]},)}
